Arguments: 
  /usr/local/bin/node /usr/local/bin/yarn

PATH: 
  /usr/local/bin:/usr/bin:/bin:/usr/sbin:/sbin:/Library/TeX/texbin:/opt/X11/bin:/Library/Apple/usr/bin

Yarn version: 
  1.22.19

Node version: 
  16.13.0

Platform: 
  darwin x64

Trace: 
  Error: ENOENT: no such file or directory, lstat '/Users/Katie/chat-app-example-1/packages/my-app2/node_modules/base64-js'

npm manifest: 
  {
    "name": "@whatsapp-clone/server",
    "version": "1.0.0",
    "main": "index.js",
    "license": "MIT",
    "dependencies": {
      "cors": "^2.8.5",
      "express": "^4.18.2",
      "helmet": "^6.0.0",
      "nodemon": "^2.0.20",
      "socket.io": "^4.5.3",
      "@whatsapp-clone/common": "1.0.0"
    },
    "scripts": {
      "dev": "nodemon index.js"
    }
  }

yarn manifest: 
  No manifest

Lockfile: 
  # THIS IS AN AUTOGENERATED FILE. DO NOT EDIT THIS FILE DIRECTLY.
  # yarn lockfile v1
